<?xml version="1.0" encoding="UTF-8"?>
<testng-results ignored="0" total="1" passed="1" failed="0" skipped="0">
  <reporter-output>
  </reporter-output>
  <suite started-at="2020-03-13T09:32:26 IST" name="Default suite" finished-at="2020-03-13T09:32:52 IST" duration-ms="25934">
    <groups>
    </groups>
    <test started-at="2020-03-13T09:32:26 IST" name="Default test" finished-at="2020-03-13T09:32:52 IST" duration-ms="25934">
      <class name="com.runner.FirstRestAssured">
        <test-method signature="testFirstRest()[pri:0, instance:com.runner.FirstRestAssured@7219ec67]" started-at="2020-03-13T09:32:26 IST" name="testFirstRest" finished-at="2020-03-13T09:32:52 IST" duration-ms="25886" status="PASS">
          <reporter-output>
          </reporter-output>
        </test-method> <!-- testFirstRest -->
      </class> <!-- com.runner.FirstRestAssured -->
    </test> <!-- Default test -->
  </suite> <!-- Default suite -->
</testng-results>
