<?xml version="1.0" encoding="UTF-8"?>
<testng-results ignored="0" total="4" passed="4" failed="0" skipped="0">
  <reporter-output>
  </reporter-output>
  <suite started-at="2020-03-12T17:52:18 IST" name="Default suite" finished-at="2020-03-12T17:52:21 IST" duration-ms="3370">
    <groups>
      <group name="cucumber">
        <method signature="AbstractTestNGCucumberTests.runScenario(io.cucumber.testng.PickleWrapper, io.cucumber.testng.FeatureWrapper)[pri:0, instance:com.runner.testRunner@778d1062]" name="runScenario" class="io.cucumber.testng.AbstractTestNGCucumberTests"/>
      </group> <!-- cucumber -->
    </groups>
    <test started-at="2020-03-12T17:52:18 IST" name="Default test" finished-at="2020-03-12T17:52:21 IST" duration-ms="3370">
      <class name="com.runner.testRunner">
        <test-method is-config="true" signature="setUpClass()[pri:0, instance:com.runner.testRunner@778d1062]" started-at="2020-03-12T17:52:18 IST" name="setUpClass" finished-at="2020-03-12T17:52:18 IST" duration-ms="149" status="PASS">
          <reporter-output>
          </reporter-output>
        </test-method> <!-- setUpClass -->
        <test-method signature="runScenario(io.cucumber.testng.PickleWrapper, io.cucumber.testng.FeatureWrapper)[pri:0, instance:com.runner.testRunner@778d1062]" started-at="2020-03-12T17:52:18 IST" name="runScenario" description="Runs Cucumber Scenarios" data-provider="scenarios" finished-at="2020-03-12T17:52:21 IST" duration-ms="2532" status="PASS">
          <params>
            <param index="0">
              <value>
                <![CDATA["create an user and delete it"]]>
              </value>
            </param>
            <param index="1">
              <value>
                <![CDATA["Json server dummy rest API"]]>
              </value>
            </param>
          </params>
          <reporter-output>
          </reporter-output>
        </test-method> <!-- runScenario -->
        <test-method signature="runScenario(io.cucumber.testng.PickleWrapper, io.cucumber.testng.FeatureWrapper)[pri:0, instance:com.runner.testRunner@778d1062]" started-at="2020-03-12T17:52:21 IST" name="runScenario" description="Runs Cucumber Scenarios" data-provider="scenarios" finished-at="2020-03-12T17:52:21 IST" duration-ms="71" status="PASS">
          <params>
            <param index="0">
              <value>
                <![CDATA["get a list of users"]]>
              </value>
            </param>
            <param index="1">
              <value>
                <![CDATA["Json server dummy rest API"]]>
              </value>
            </param>
          </params>
          <reporter-output>
          </reporter-output>
        </test-method> <!-- runScenario -->
        <test-method signature="runScenario(io.cucumber.testng.PickleWrapper, io.cucumber.testng.FeatureWrapper)[pri:0, instance:com.runner.testRunner@778d1062]" started-at="2020-03-12T17:52:21 IST" name="runScenario" description="Runs Cucumber Scenarios" data-provider="scenarios" finished-at="2020-03-12T17:52:21 IST" duration-ms="186" status="PASS">
          <params>
            <param index="0">
              <value>
                <![CDATA["update an user with put"]]>
              </value>
            </param>
            <param index="1">
              <value>
                <![CDATA["Json server dummy rest API"]]>
              </value>
            </param>
          </params>
          <reporter-output>
          </reporter-output>
        </test-method> <!-- runScenario -->
        <test-method signature="runScenario(io.cucumber.testng.PickleWrapper, io.cucumber.testng.FeatureWrapper)[pri:0, instance:com.runner.testRunner@778d1062]" started-at="2020-03-12T17:52:21 IST" name="runScenario" description="Runs Cucumber Scenarios" data-provider="scenarios" finished-at="2020-03-12T17:52:21 IST" duration-ms="65" status="PASS">
          <params>
            <param index="0">
              <value>
                <![CDATA["update an user with patch"]]>
              </value>
            </param>
            <param index="1">
              <value>
                <![CDATA["Json server dummy rest API"]]>
              </value>
            </param>
          </params>
          <reporter-output>
          </reporter-output>
        </test-method> <!-- runScenario -->
        <test-method is-config="true" signature="tearDownClass()[pri:0, instance:com.runner.testRunner@778d1062]" started-at="2020-03-12T17:52:21 IST" name="tearDownClass" finished-at="2020-03-12T17:52:21 IST" duration-ms="164" status="PASS">
          <reporter-output>
          </reporter-output>
        </test-method> <!-- tearDownClass -->
      </class> <!-- com.runner.testRunner -->
    </test> <!-- Default test -->
  </suite> <!-- Default suite -->
</testng-results>
